INFO 2023-10-01 16:04:44,608 autoreload 15004 14384 Watching for file changes with StatReloader
WARNING 2023-10-01 16:04:46,289 log 15004 2380 Not Found: /
WARNING 2023-10-01 16:04:46,290 basehttp 15004 2380 "GET / HTTP/1.1" 404 2171
WARNING 2023-10-01 16:04:46,358 log 15004 2380 Not Found: /favicon.ico
WARNING 2023-10-01 16:04:46,359 basehttp 15004 2380 "GET /favicon.ico HTTP/1.1" 404 2222
ERROR 2023-10-01 16:05:07,725 log 15004 2380 Internal Server Error: /dz_sem4app/
Traceback (most recent call last):
  File "C:\Users\nikol\AppData\Local\Programs\Python\Python311\Lib\site-packages\django\core\handlers\exception.py", line 55, in inner
    response = get_response(request)
               ^^^^^^^^^^^^^^^^^^^^^
  File "C:\Users\nikol\AppData\Local\Programs\Python\Python311\Lib\site-packages\django\core\handlers\base.py", line 197, in _get_response
    response = wrapped_callback(request, *callback_args, **callback_kwargs)
               ^^^^^^^^^^^^^^^^^^^^^^^^^^^^^^^^^^^^^^^^^^^^^^^^^^^^^^^^^^^^
  File "C:\Users\nikol\PycharmProjects\pythonProject2\Django_dz\dz_sem4\dz_sem4app\views.py", line 12, in index
    return render(request, 'task_app/index.html')
           ^^^^^^^^^^^^^^^^^^^^^^^^^^^^^^^^^^^^^^
  File "C:\Users\nikol\AppData\Local\Programs\Python\Python311\Lib\site-packages\django\shortcuts.py", line 24, in render
    content = loader.render_to_string(template_name, context, request, using=using)
              ^^^^^^^^^^^^^^^^^^^^^^^^^^^^^^^^^^^^^^^^^^^^^^^^^^^^^^^^^^^^^^^^^^^^^
  File "C:\Users\nikol\AppData\Local\Programs\Python\Python311\Lib\site-packages\django\template\loader.py", line 61, in render_to_string
    template = get_template(template_name, using=using)
               ^^^^^^^^^^^^^^^^^^^^^^^^^^^^^^^^^^^^^^^^
  File "C:\Users\nikol\AppData\Local\Programs\Python\Python311\Lib\site-packages\django\template\loader.py", line 19, in get_template
    raise TemplateDoesNotExist(template_name, chain=chain)
django.template.exceptions.TemplateDoesNotExist: task_app/index.html
ERROR 2023-10-01 16:05:07,728 basehttp 15004 2380 "GET /dz_sem4app/ HTTP/1.1" 500 82248
WARNING 2023-10-01 16:05:42,348 log 15004 2380 Not Found: /dz_sem4app/fake_products
WARNING 2023-10-01 16:05:42,349 basehttp 15004 2380 "GET /dz_sem4app/fake_products HTTP/1.1" 404 3324
INFO 2023-10-01 16:05:50,789 basehttp 15004 2380 "GET /dz_sem4app/fake_products/10 HTTP/1.1" 301 0
ERROR 2023-10-01 16:05:50,832 log 15004 9880 Internal Server Error: /dz_sem4app/fake_products/10/
Traceback (most recent call last):
  File "C:\Users\nikol\AppData\Local\Programs\Python\Python311\Lib\site-packages\django\db\backends\utils.py", line 89, in _execute
    return self.cursor.execute(sql, params)
           ^^^^^^^^^^^^^^^^^^^^^^^^^^^^^^^^
  File "C:\Users\nikol\AppData\Local\Programs\Python\Python311\Lib\site-packages\django\db\backends\sqlite3\base.py", line 328, in execute
    return super().execute(query, params)
           ^^^^^^^^^^^^^^^^^^^^^^^^^^^^^^
sqlite3.OperationalError: no such table: dz_sem4app_product

The above exception was the direct cause of the following exception:

Traceback (most recent call last):
  File "C:\Users\nikol\AppData\Local\Programs\Python\Python311\Lib\site-packages\django\core\handlers\exception.py", line 55, in inner
    response = get_response(request)
               ^^^^^^^^^^^^^^^^^^^^^
  File "C:\Users\nikol\AppData\Local\Programs\Python\Python311\Lib\site-packages\django\core\handlers\base.py", line 197, in _get_response
    response = wrapped_callback(request, *callback_args, **callback_kwargs)
               ^^^^^^^^^^^^^^^^^^^^^^^^^^^^^^^^^^^^^^^^^^^^^^^^^^^^^^^^^^^^
  File "C:\Users\nikol\PycharmProjects\pythonProject2\Django_dz\dz_sem4\dz_sem4app\views.py", line 96, in fake_products
    product.save()
  File "C:\Users\nikol\AppData\Local\Programs\Python\Python311\Lib\site-packages\django\db\models\base.py", line 814, in save
    self.save_base(
  File "C:\Users\nikol\AppData\Local\Programs\Python\Python311\Lib\site-packages\django\db\models\base.py", line 877, in save_base
    updated = self._save_table(
              ^^^^^^^^^^^^^^^^^
  File "C:\Users\nikol\AppData\Local\Programs\Python\Python311\Lib\site-packages\django\db\models\base.py", line 1020, in _save_table
    results = self._do_insert(
              ^^^^^^^^^^^^^^^^
  File "C:\Users\nikol\AppData\Local\Programs\Python\Python311\Lib\site-packages\django\db\models\base.py", line 1061, in _do_insert
    return manager._insert(
           ^^^^^^^^^^^^^^^^
  File "C:\Users\nikol\AppData\Local\Programs\Python\Python311\Lib\site-packages\django\db\models\manager.py", line 87, in manager_method
    return getattr(self.get_queryset(), name)(*args, **kwargs)
           ^^^^^^^^^^^^^^^^^^^^^^^^^^^^^^^^^^^^^^^^^^^^^^^^^^^
  File "C:\Users\nikol\AppData\Local\Programs\Python\Python311\Lib\site-packages\django\db\models\query.py", line 1805, in _insert
    return query.get_compiler(using=using).execute_sql(returning_fields)
           ^^^^^^^^^^^^^^^^^^^^^^^^^^^^^^^^^^^^^^^^^^^^^^^^^^^^^^^^^^^^^
  File "C:\Users\nikol\AppData\Local\Programs\Python\Python311\Lib\site-packages\django\db\models\sql\compiler.py", line 1822, in execute_sql
    cursor.execute(sql, params)
  File "C:\Users\nikol\AppData\Local\Programs\Python\Python311\Lib\site-packages\django\db\backends\utils.py", line 102, in execute
    return super().execute(sql, params)
           ^^^^^^^^^^^^^^^^^^^^^^^^^^^^
  File "C:\Users\nikol\AppData\Local\Programs\Python\Python311\Lib\site-packages\django\db\backends\utils.py", line 67, in execute
    return self._execute_with_wrappers(
           ^^^^^^^^^^^^^^^^^^^^^^^^^^^^
  File "C:\Users\nikol\AppData\Local\Programs\Python\Python311\Lib\site-packages\django\db\backends\utils.py", line 80, in _execute_with_wrappers
    return executor(sql, params, many, context)
           ^^^^^^^^^^^^^^^^^^^^^^^^^^^^^^^^^^^^
  File "C:\Users\nikol\AppData\Local\Programs\Python\Python311\Lib\site-packages\django\db\backends\utils.py", line 84, in _execute
    with self.db.wrap_database_errors:
  File "C:\Users\nikol\AppData\Local\Programs\Python\Python311\Lib\site-packages\django\db\utils.py", line 91, in __exit__
    raise dj_exc_value.with_traceback(traceback) from exc_value
  File "C:\Users\nikol\AppData\Local\Programs\Python\Python311\Lib\site-packages\django\db\backends\utils.py", line 89, in _execute
    return self.cursor.execute(sql, params)
           ^^^^^^^^^^^^^^^^^^^^^^^^^^^^^^^^
  File "C:\Users\nikol\AppData\Local\Programs\Python\Python311\Lib\site-packages\django\db\backends\sqlite3\base.py", line 328, in execute
    return super().execute(query, params)
           ^^^^^^^^^^^^^^^^^^^^^^^^^^^^^^
django.db.utils.OperationalError: no such table: dz_sem4app_product
ERROR 2023-10-01 16:05:50,838 basehttp 15004 9880 "GET /dz_sem4app/fake_products/10/ HTTP/1.1" 500 150687
INFO 2023-10-01 16:09:29,341 autoreload 9948 14408 Watching for file changes with StatReloader
ERROR 2023-10-01 16:09:33,063 log 9948 3212 Internal Server Error: /dz_sem4app/fake_products/10/
Traceback (most recent call last):
  File "C:\Users\nikol\AppData\Local\Programs\Python\Python311\Lib\site-packages\django\template\backends\django.py", line 61, in render
    return self.template.render(context)
           ^^^^^^^^^^^^^^^^^^^^^^^^^^^^^
  File "C:\Users\nikol\AppData\Local\Programs\Python\Python311\Lib\site-packages\django\template\base.py", line 175, in render
    return self._render(context)
           ^^^^^^^^^^^^^^^^^^^^^
  File "C:\Users\nikol\AppData\Local\Programs\Python\Python311\Lib\site-packages\django\template\base.py", line 167, in _render
    return self.nodelist.render(context)
           ^^^^^^^^^^^^^^^^^^^^^^^^^^^^^
  File "C:\Users\nikol\AppData\Local\Programs\Python\Python311\Lib\site-packages\django\template\base.py", line 1005, in render
    return SafeString("".join([node.render_annotated(context) for node in self]))
                              ^^^^^^^^^^^^^^^^^^^^^^^^^^^^^^^^^^^^^^^^^^^^^^^^^
  File "C:\Users\nikol\AppData\Local\Programs\Python\Python311\Lib\site-packages\django\template\base.py", line 1005, in <listcomp>
    return SafeString("".join([node.render_annotated(context) for node in self]))
                               ^^^^^^^^^^^^^^^^^^^^^^^^^^^^^^
  File "C:\Users\nikol\AppData\Local\Programs\Python\Python311\Lib\site-packages\django\template\base.py", line 966, in render_annotated
    return self.render(context)
           ^^^^^^^^^^^^^^^^^^^^
  File "C:\Users\nikol\AppData\Local\Programs\Python\Python311\Lib\site-packages\django\template\loader_tags.py", line 132, in render
    compiled_parent = self.get_parent(context)
                      ^^^^^^^^^^^^^^^^^^^^^^^^
  File "C:\Users\nikol\AppData\Local\Programs\Python\Python311\Lib\site-packages\django\template\loader_tags.py", line 129, in get_parent
    return self.find_template(parent, context)
           ^^^^^^^^^^^^^^^^^^^^^^^^^^^^^^^^^^^
  File "C:\Users\nikol\AppData\Local\Programs\Python\Python311\Lib\site-packages\django\template\loader_tags.py", line 107, in find_template
    template, origin = context.template.engine.find_template(
                       ^^^^^^^^^^^^^^^^^^^^^^^^^^^^^^^^^^^^^^
  File "C:\Users\nikol\AppData\Local\Programs\Python\Python311\Lib\site-packages\django\template\engine.py", line 161, in find_template
    raise TemplateDoesNotExist(name, tried=tried)
django.template.exceptions.TemplateDoesNotExist: base.html

The above exception was the direct cause of the following exception:

Traceback (most recent call last):
  File "C:\Users\nikol\AppData\Local\Programs\Python\Python311\Lib\site-packages\django\core\handlers\exception.py", line 55, in inner
    response = get_response(request)
               ^^^^^^^^^^^^^^^^^^^^^
  File "C:\Users\nikol\AppData\Local\Programs\Python\Python311\Lib\site-packages\django\core\handlers\base.py", line 197, in _get_response
    response = wrapped_callback(request, *callback_args, **callback_kwargs)
               ^^^^^^^^^^^^^^^^^^^^^^^^^^^^^^^^^^^^^^^^^^^^^^^^^^^^^^^^^^^^
  File "C:\Users\nikol\PycharmProjects\pythonProject2\Django_dz\dz_sem4\dz_sem4app\views.py", line 99, in fake_products
    return render(request, 'dz_sem4app/index.html', context)
           ^^^^^^^^^^^^^^^^^^^^^^^^^^^^^^^^^^^^^^^^^^^^^^^^^
  File "C:\Users\nikol\AppData\Local\Programs\Python\Python311\Lib\site-packages\django\shortcuts.py", line 24, in render
    content = loader.render_to_string(template_name, context, request, using=using)
              ^^^^^^^^^^^^^^^^^^^^^^^^^^^^^^^^^^^^^^^^^^^^^^^^^^^^^^^^^^^^^^^^^^^^^
  File "C:\Users\nikol\AppData\Local\Programs\Python\Python311\Lib\site-packages\django\template\loader.py", line 62, in render_to_string
    return template.render(context, request)
           ^^^^^^^^^^^^^^^^^^^^^^^^^^^^^^^^^
  File "C:\Users\nikol\AppData\Local\Programs\Python\Python311\Lib\site-packages\django\template\backends\django.py", line 63, in render
    reraise(exc, self.backend)
  File "C:\Users\nikol\AppData\Local\Programs\Python\Python311\Lib\site-packages\django\template\backends\django.py", line 84, in reraise
    raise new from exc
django.template.exceptions.TemplateDoesNotExist: base.html
ERROR 2023-10-01 16:09:33,068 basehttp 9948 3212 "GET /dz_sem4app/fake_products/10/ HTTP/1.1" 500 133503
WARNING 2023-10-01 16:09:38,369 log 9948 3212 Not Found: /dz_sem4app/fake_products/
WARNING 2023-10-01 16:09:38,370 basehttp 9948 3212 "GET /dz_sem4app/fake_products/ HTTP/1.1" 404 3327
WARNING 2023-10-01 16:09:53,126 log 9948 3212 Not Found: /dz_sem4app/fake_clients
WARNING 2023-10-01 16:09:53,127 basehttp 9948 3212 "GET /dz_sem4app/fake_clients HTTP/1.1" 404 3321
INFO 2023-10-01 16:10:00,642 basehttp 9948 3212 "GET /dz_sem4app/fake_clients/5 HTTP/1.1" 301 0
ERROR 2023-10-01 16:10:00,684 log 9948 13916 Internal Server Error: /dz_sem4app/fake_clients/5/
Traceback (most recent call last):
  File "C:\Users\nikol\AppData\Local\Programs\Python\Python311\Lib\site-packages\django\template\backends\django.py", line 61, in render
    return self.template.render(context)
           ^^^^^^^^^^^^^^^^^^^^^^^^^^^^^
  File "C:\Users\nikol\AppData\Local\Programs\Python\Python311\Lib\site-packages\django\template\base.py", line 175, in render
    return self._render(context)
           ^^^^^^^^^^^^^^^^^^^^^
  File "C:\Users\nikol\AppData\Local\Programs\Python\Python311\Lib\site-packages\django\template\base.py", line 167, in _render
    return self.nodelist.render(context)
           ^^^^^^^^^^^^^^^^^^^^^^^^^^^^^
  File "C:\Users\nikol\AppData\Local\Programs\Python\Python311\Lib\site-packages\django\template\base.py", line 1005, in render
    return SafeString("".join([node.render_annotated(context) for node in self]))
                              ^^^^^^^^^^^^^^^^^^^^^^^^^^^^^^^^^^^^^^^^^^^^^^^^^
  File "C:\Users\nikol\AppData\Local\Programs\Python\Python311\Lib\site-packages\django\template\base.py", line 1005, in <listcomp>
    return SafeString("".join([node.render_annotated(context) for node in self]))
                               ^^^^^^^^^^^^^^^^^^^^^^^^^^^^^^
  File "C:\Users\nikol\AppData\Local\Programs\Python\Python311\Lib\site-packages\django\template\base.py", line 966, in render_annotated
    return self.render(context)
           ^^^^^^^^^^^^^^^^^^^^
  File "C:\Users\nikol\AppData\Local\Programs\Python\Python311\Lib\site-packages\django\template\loader_tags.py", line 132, in render
    compiled_parent = self.get_parent(context)
                      ^^^^^^^^^^^^^^^^^^^^^^^^
  File "C:\Users\nikol\AppData\Local\Programs\Python\Python311\Lib\site-packages\django\template\loader_tags.py", line 129, in get_parent
    return self.find_template(parent, context)
           ^^^^^^^^^^^^^^^^^^^^^^^^^^^^^^^^^^^
  File "C:\Users\nikol\AppData\Local\Programs\Python\Python311\Lib\site-packages\django\template\loader_tags.py", line 107, in find_template
    template, origin = context.template.engine.find_template(
                       ^^^^^^^^^^^^^^^^^^^^^^^^^^^^^^^^^^^^^^
  File "C:\Users\nikol\AppData\Local\Programs\Python\Python311\Lib\site-packages\django\template\engine.py", line 161, in find_template
    raise TemplateDoesNotExist(name, tried=tried)
django.template.exceptions.TemplateDoesNotExist: base.html

The above exception was the direct cause of the following exception:

Traceback (most recent call last):
  File "C:\Users\nikol\AppData\Local\Programs\Python\Python311\Lib\site-packages\django\core\handlers\exception.py", line 55, in inner
    response = get_response(request)
               ^^^^^^^^^^^^^^^^^^^^^
  File "C:\Users\nikol\AppData\Local\Programs\Python\Python311\Lib\site-packages\django\core\handlers\base.py", line 197, in _get_response
    response = wrapped_callback(request, *callback_args, **callback_kwargs)
               ^^^^^^^^^^^^^^^^^^^^^^^^^^^^^^^^^^^^^^^^^^^^^^^^^^^^^^^^^^^^
  File "C:\Users\nikol\PycharmProjects\pythonProject2\Django_dz\dz_sem4\dz_sem4app\views.py", line 86, in fake_clients
    return render(request, 'dz_sem4app/index.html', context)
           ^^^^^^^^^^^^^^^^^^^^^^^^^^^^^^^^^^^^^^^^^^^^^^^^^
  File "C:\Users\nikol\AppData\Local\Programs\Python\Python311\Lib\site-packages\django\shortcuts.py", line 24, in render
    content = loader.render_to_string(template_name, context, request, using=using)
              ^^^^^^^^^^^^^^^^^^^^^^^^^^^^^^^^^^^^^^^^^^^^^^^^^^^^^^^^^^^^^^^^^^^^^
  File "C:\Users\nikol\AppData\Local\Programs\Python\Python311\Lib\site-packages\django\template\loader.py", line 62, in render_to_string
    return template.render(context, request)
           ^^^^^^^^^^^^^^^^^^^^^^^^^^^^^^^^^
  File "C:\Users\nikol\AppData\Local\Programs\Python\Python311\Lib\site-packages\django\template\backends\django.py", line 63, in render
    reraise(exc, self.backend)
  File "C:\Users\nikol\AppData\Local\Programs\Python\Python311\Lib\site-packages\django\template\backends\django.py", line 84, in reraise
    raise new from exc
django.template.exceptions.TemplateDoesNotExist: base.html
ERROR 2023-10-01 16:10:00,689 basehttp 9948 13916 "GET /dz_sem4app/fake_clients/5/ HTTP/1.1" 500 134160
ERROR 2023-10-01 16:15:13,926 log 9948 10484 Internal Server Error: /dz_sem4app/add_product/
Traceback (most recent call last):
  File "C:\Users\nikol\AppData\Local\Programs\Python\Python311\Lib\site-packages\django\template\backends\django.py", line 61, in render
    return self.template.render(context)
           ^^^^^^^^^^^^^^^^^^^^^^^^^^^^^
  File "C:\Users\nikol\AppData\Local\Programs\Python\Python311\Lib\site-packages\django\template\base.py", line 175, in render
    return self._render(context)
           ^^^^^^^^^^^^^^^^^^^^^
  File "C:\Users\nikol\AppData\Local\Programs\Python\Python311\Lib\site-packages\django\template\base.py", line 167, in _render
    return self.nodelist.render(context)
           ^^^^^^^^^^^^^^^^^^^^^^^^^^^^^
  File "C:\Users\nikol\AppData\Local\Programs\Python\Python311\Lib\site-packages\django\template\base.py", line 1005, in render
    return SafeString("".join([node.render_annotated(context) for node in self]))
                              ^^^^^^^^^^^^^^^^^^^^^^^^^^^^^^^^^^^^^^^^^^^^^^^^^
  File "C:\Users\nikol\AppData\Local\Programs\Python\Python311\Lib\site-packages\django\template\base.py", line 1005, in <listcomp>
    return SafeString("".join([node.render_annotated(context) for node in self]))
                               ^^^^^^^^^^^^^^^^^^^^^^^^^^^^^^
  File "C:\Users\nikol\AppData\Local\Programs\Python\Python311\Lib\site-packages\django\template\base.py", line 966, in render_annotated
    return self.render(context)
           ^^^^^^^^^^^^^^^^^^^^
  File "C:\Users\nikol\AppData\Local\Programs\Python\Python311\Lib\site-packages\django\template\loader_tags.py", line 132, in render
    compiled_parent = self.get_parent(context)
                      ^^^^^^^^^^^^^^^^^^^^^^^^
  File "C:\Users\nikol\AppData\Local\Programs\Python\Python311\Lib\site-packages\django\template\loader_tags.py", line 129, in get_parent
    return self.find_template(parent, context)
           ^^^^^^^^^^^^^^^^^^^^^^^^^^^^^^^^^^^
  File "C:\Users\nikol\AppData\Local\Programs\Python\Python311\Lib\site-packages\django\template\loader_tags.py", line 107, in find_template
    template, origin = context.template.engine.find_template(
                       ^^^^^^^^^^^^^^^^^^^^^^^^^^^^^^^^^^^^^^
  File "C:\Users\nikol\AppData\Local\Programs\Python\Python311\Lib\site-packages\django\template\engine.py", line 161, in find_template
    raise TemplateDoesNotExist(name, tried=tried)
django.template.exceptions.TemplateDoesNotExist: base.html

The above exception was the direct cause of the following exception:

Traceback (most recent call last):
  File "C:\Users\nikol\AppData\Local\Programs\Python\Python311\Lib\site-packages\django\core\handlers\exception.py", line 55, in inner
    response = get_response(request)
               ^^^^^^^^^^^^^^^^^^^^^
  File "C:\Users\nikol\AppData\Local\Programs\Python\Python311\Lib\site-packages\django\core\handlers\base.py", line 197, in _get_response
    response = wrapped_callback(request, *callback_args, **callback_kwargs)
               ^^^^^^^^^^^^^^^^^^^^^^^^^^^^^^^^^^^^^^^^^^^^^^^^^^^^^^^^^^^^
  File "C:\Users\nikol\PycharmProjects\pythonProject2\Django_dz\dz_sem4\dz_sem4app\views.py", line 38, in add_product
    return render(request, 'dz_sem4app/product_add.html', {'form': form, 'message': message, 'title': 'Добавить продукт'})
           ^^^^^^^^^^^^^^^^^^^^^^^^^^^^^^^^^^^^^^^^^^^^^^^^^^^^^^^^^^^^^^^^^^^^^^^^^^^^^^^^^^^^^^^^^^^^^^^^^^^^^^^^^^^^^^^
  File "C:\Users\nikol\AppData\Local\Programs\Python\Python311\Lib\site-packages\django\shortcuts.py", line 24, in render
    content = loader.render_to_string(template_name, context, request, using=using)
              ^^^^^^^^^^^^^^^^^^^^^^^^^^^^^^^^^^^^^^^^^^^^^^^^^^^^^^^^^^^^^^^^^^^^^
  File "C:\Users\nikol\AppData\Local\Programs\Python\Python311\Lib\site-packages\django\template\loader.py", line 62, in render_to_string
    return template.render(context, request)
           ^^^^^^^^^^^^^^^^^^^^^^^^^^^^^^^^^
  File "C:\Users\nikol\AppData\Local\Programs\Python\Python311\Lib\site-packages\django\template\backends\django.py", line 63, in render
    reraise(exc, self.backend)
  File "C:\Users\nikol\AppData\Local\Programs\Python\Python311\Lib\site-packages\django\template\backends\django.py", line 84, in reraise
    raise new from exc
django.template.exceptions.TemplateDoesNotExist: base.html
ERROR 2023-10-01 16:15:13,930 basehttp 9948 10484 "GET /dz_sem4app/add_product/ HTTP/1.1" 500 136442
INFO 2023-10-01 16:16:01,869 autoreload 9948 14408 C:\Users\nikol\PycharmProjects\pythonProject2\Django_dz\dz_sem4\dz_sem4app\views.py changed, reloading.
INFO 2023-10-01 16:16:02,250 autoreload 11260 7184 Watching for file changes with StatReloader
WARNING 2023-10-01 16:16:10,298 log 11260 5112 Not Found: /dz_sem4app/index
WARNING 2023-10-01 16:16:10,299 basehttp 11260 5112 "GET /dz_sem4app/index HTTP/1.1" 404 3300
ERROR 2023-10-01 16:20:24,689 log 11260 5112 Internal Server Error: /dz_sem4app/add_product/
Traceback (most recent call last):
  File "C:\Users\nikol\AppData\Local\Programs\Python\Python311\Lib\site-packages\django\template\backends\django.py", line 61, in render
    return self.template.render(context)
           ^^^^^^^^^^^^^^^^^^^^^^^^^^^^^
  File "C:\Users\nikol\AppData\Local\Programs\Python\Python311\Lib\site-packages\django\template\base.py", line 175, in render
    return self._render(context)
           ^^^^^^^^^^^^^^^^^^^^^
  File "C:\Users\nikol\AppData\Local\Programs\Python\Python311\Lib\site-packages\django\template\base.py", line 167, in _render
    return self.nodelist.render(context)
           ^^^^^^^^^^^^^^^^^^^^^^^^^^^^^
  File "C:\Users\nikol\AppData\Local\Programs\Python\Python311\Lib\site-packages\django\template\base.py", line 1005, in render
    return SafeString("".join([node.render_annotated(context) for node in self]))
                              ^^^^^^^^^^^^^^^^^^^^^^^^^^^^^^^^^^^^^^^^^^^^^^^^^
  File "C:\Users\nikol\AppData\Local\Programs\Python\Python311\Lib\site-packages\django\template\base.py", line 1005, in <listcomp>
    return SafeString("".join([node.render_annotated(context) for node in self]))
                               ^^^^^^^^^^^^^^^^^^^^^^^^^^^^^^
  File "C:\Users\nikol\AppData\Local\Programs\Python\Python311\Lib\site-packages\django\template\base.py", line 966, in render_annotated
    return self.render(context)
           ^^^^^^^^^^^^^^^^^^^^
  File "C:\Users\nikol\AppData\Local\Programs\Python\Python311\Lib\site-packages\django\template\loader_tags.py", line 132, in render
    compiled_parent = self.get_parent(context)
                      ^^^^^^^^^^^^^^^^^^^^^^^^
  File "C:\Users\nikol\AppData\Local\Programs\Python\Python311\Lib\site-packages\django\template\loader_tags.py", line 129, in get_parent
    return self.find_template(parent, context)
           ^^^^^^^^^^^^^^^^^^^^^^^^^^^^^^^^^^^
  File "C:\Users\nikol\AppData\Local\Programs\Python\Python311\Lib\site-packages\django\template\loader_tags.py", line 107, in find_template
    template, origin = context.template.engine.find_template(
                       ^^^^^^^^^^^^^^^^^^^^^^^^^^^^^^^^^^^^^^
  File "C:\Users\nikol\AppData\Local\Programs\Python\Python311\Lib\site-packages\django\template\engine.py", line 161, in find_template
    raise TemplateDoesNotExist(name, tried=tried)
django.template.exceptions.TemplateDoesNotExist: base.html

The above exception was the direct cause of the following exception:

Traceback (most recent call last):
  File "C:\Users\nikol\AppData\Local\Programs\Python\Python311\Lib\site-packages\django\core\handlers\exception.py", line 55, in inner
    response = get_response(request)
               ^^^^^^^^^^^^^^^^^^^^^
  File "C:\Users\nikol\AppData\Local\Programs\Python\Python311\Lib\site-packages\django\core\handlers\base.py", line 197, in _get_response
    response = wrapped_callback(request, *callback_args, **callback_kwargs)
               ^^^^^^^^^^^^^^^^^^^^^^^^^^^^^^^^^^^^^^^^^^^^^^^^^^^^^^^^^^^^
  File "C:\Users\nikol\PycharmProjects\pythonProject2\Django_dz\dz_sem4\dz_sem4app\views.py", line 38, in add_product
    return render(request, 'dz_sem4app/product_add.html', {'form': form, 'message': message, 'title': 'Добавить продукт'})
           ^^^^^^^^^^^^^^^^^^^^^^^^^^^^^^^^^^^^^^^^^^^^^^^^^^^^^^^^^^^^^^^^^^^^^^^^^^^^^^^^^^^^^^^^^^^^^^^^^^^^^^^^^^^^^^^
  File "C:\Users\nikol\AppData\Local\Programs\Python\Python311\Lib\site-packages\django\shortcuts.py", line 24, in render
    content = loader.render_to_string(template_name, context, request, using=using)
              ^^^^^^^^^^^^^^^^^^^^^^^^^^^^^^^^^^^^^^^^^^^^^^^^^^^^^^^^^^^^^^^^^^^^^
  File "C:\Users\nikol\AppData\Local\Programs\Python\Python311\Lib\site-packages\django\template\loader.py", line 62, in render_to_string
    return template.render(context, request)
           ^^^^^^^^^^^^^^^^^^^^^^^^^^^^^^^^^
  File "C:\Users\nikol\AppData\Local\Programs\Python\Python311\Lib\site-packages\django\template\backends\django.py", line 63, in render
    reraise(exc, self.backend)
  File "C:\Users\nikol\AppData\Local\Programs\Python\Python311\Lib\site-packages\django\template\backends\django.py", line 84, in reraise
    raise new from exc
django.template.exceptions.TemplateDoesNotExist: base.html
ERROR 2023-10-01 16:20:24,693 basehttp 11260 5112 "GET /dz_sem4app/add_product/ HTTP/1.1" 500 136579
ERROR 2023-10-01 16:22:18,759 log 11260 5112 Internal Server Error: /dz_sem4app/add_product/
Traceback (most recent call last):
  File "C:\Users\nikol\AppData\Local\Programs\Python\Python311\Lib\site-packages\django\template\backends\django.py", line 61, in render
    return self.template.render(context)
           ^^^^^^^^^^^^^^^^^^^^^^^^^^^^^
  File "C:\Users\nikol\AppData\Local\Programs\Python\Python311\Lib\site-packages\django\template\base.py", line 175, in render
    return self._render(context)
           ^^^^^^^^^^^^^^^^^^^^^
  File "C:\Users\nikol\AppData\Local\Programs\Python\Python311\Lib\site-packages\django\template\base.py", line 167, in _render
    return self.nodelist.render(context)
           ^^^^^^^^^^^^^^^^^^^^^^^^^^^^^
  File "C:\Users\nikol\AppData\Local\Programs\Python\Python311\Lib\site-packages\django\template\base.py", line 1005, in render
    return SafeString("".join([node.render_annotated(context) for node in self]))
                              ^^^^^^^^^^^^^^^^^^^^^^^^^^^^^^^^^^^^^^^^^^^^^^^^^
  File "C:\Users\nikol\AppData\Local\Programs\Python\Python311\Lib\site-packages\django\template\base.py", line 1005, in <listcomp>
    return SafeString("".join([node.render_annotated(context) for node in self]))
                               ^^^^^^^^^^^^^^^^^^^^^^^^^^^^^^
  File "C:\Users\nikol\AppData\Local\Programs\Python\Python311\Lib\site-packages\django\template\base.py", line 966, in render_annotated
    return self.render(context)
           ^^^^^^^^^^^^^^^^^^^^
  File "C:\Users\nikol\AppData\Local\Programs\Python\Python311\Lib\site-packages\django\template\loader_tags.py", line 132, in render
    compiled_parent = self.get_parent(context)
                      ^^^^^^^^^^^^^^^^^^^^^^^^
  File "C:\Users\nikol\AppData\Local\Programs\Python\Python311\Lib\site-packages\django\template\loader_tags.py", line 129, in get_parent
    return self.find_template(parent, context)
           ^^^^^^^^^^^^^^^^^^^^^^^^^^^^^^^^^^^
  File "C:\Users\nikol\AppData\Local\Programs\Python\Python311\Lib\site-packages\django\template\loader_tags.py", line 107, in find_template
    template, origin = context.template.engine.find_template(
                       ^^^^^^^^^^^^^^^^^^^^^^^^^^^^^^^^^^^^^^
  File "C:\Users\nikol\AppData\Local\Programs\Python\Python311\Lib\site-packages\django\template\engine.py", line 161, in find_template
    raise TemplateDoesNotExist(name, tried=tried)
django.template.exceptions.TemplateDoesNotExist: base.html

The above exception was the direct cause of the following exception:

Traceback (most recent call last):
  File "C:\Users\nikol\AppData\Local\Programs\Python\Python311\Lib\site-packages\django\core\handlers\exception.py", line 55, in inner
    response = get_response(request)
               ^^^^^^^^^^^^^^^^^^^^^
  File "C:\Users\nikol\AppData\Local\Programs\Python\Python311\Lib\site-packages\django\core\handlers\base.py", line 197, in _get_response
    response = wrapped_callback(request, *callback_args, **callback_kwargs)
               ^^^^^^^^^^^^^^^^^^^^^^^^^^^^^^^^^^^^^^^^^^^^^^^^^^^^^^^^^^^^
  File "C:\Users\nikol\PycharmProjects\pythonProject2\Django_dz\dz_sem4\dz_sem4app\views.py", line 38, in add_product
    return render(request, 'dz_sem4app/product_add.html', {'form': form, 'message': message, 'title': 'Добавить продукт'})
           ^^^^^^^^^^^^^^^^^^^^^^^^^^^^^^^^^^^^^^^^^^^^^^^^^^^^^^^^^^^^^^^^^^^^^^^^^^^^^^^^^^^^^^^^^^^^^^^^^^^^^^^^^^^^^^^
  File "C:\Users\nikol\AppData\Local\Programs\Python\Python311\Lib\site-packages\django\shortcuts.py", line 24, in render
    content = loader.render_to_string(template_name, context, request, using=using)
              ^^^^^^^^^^^^^^^^^^^^^^^^^^^^^^^^^^^^^^^^^^^^^^^^^^^^^^^^^^^^^^^^^^^^^
  File "C:\Users\nikol\AppData\Local\Programs\Python\Python311\Lib\site-packages\django\template\loader.py", line 62, in render_to_string
    return template.render(context, request)
           ^^^^^^^^^^^^^^^^^^^^^^^^^^^^^^^^^
  File "C:\Users\nikol\AppData\Local\Programs\Python\Python311\Lib\site-packages\django\template\backends\django.py", line 63, in render
    reraise(exc, self.backend)
  File "C:\Users\nikol\AppData\Local\Programs\Python\Python311\Lib\site-packages\django\template\backends\django.py", line 84, in reraise
    raise new from exc
django.template.exceptions.TemplateDoesNotExist: base.html
ERROR 2023-10-01 16:22:18,762 basehttp 11260 5112 "GET /dz_sem4app/add_product/ HTTP/1.1" 500 136579
WARNING 2023-10-01 16:22:31,267 log 11260 5112 Not Found: /dz_sem4app/index/
WARNING 2023-10-01 16:22:31,267 basehttp 11260 5112 "GET /dz_sem4app/index/ HTTP/1.1" 404 3303
WARNING 2023-10-01 16:22:48,268 log 11260 5112 Not Found: /dz_sem4app/index/fake_clients
WARNING 2023-10-01 16:22:48,268 basehttp 11260 5112 "GET /dz_sem4app/index/fake_clients HTTP/1.1" 404 3339
WARNING 2023-10-01 16:22:55,363 log 11260 5112 Not Found: /dz_sem4app/index/fake_clients/5/5
WARNING 2023-10-01 16:22:55,363 basehttp 11260 5112 "GET /dz_sem4app/index/fake_clients/5/5 HTTP/1.1" 404 3351
WARNING 2023-10-01 16:23:02,775 log 11260 5112 Not Found: /dz_sem4app/index/fake_clients/5/5
WARNING 2023-10-01 16:23:02,776 basehttp 11260 5112 "GET /dz_sem4app/index/fake_clients/5/5 HTTP/1.1" 404 3351
INFO 2023-10-01 16:23:16,172 basehttp 11260 5112 "GET /dz_sem4app/add_product HTTP/1.1" 301 0
ERROR 2023-10-01 16:23:16,198 log 11260 7576 Internal Server Error: /dz_sem4app/add_product/
Traceback (most recent call last):
  File "C:\Users\nikol\AppData\Local\Programs\Python\Python311\Lib\site-packages\django\template\backends\django.py", line 61, in render
    return self.template.render(context)
           ^^^^^^^^^^^^^^^^^^^^^^^^^^^^^
  File "C:\Users\nikol\AppData\Local\Programs\Python\Python311\Lib\site-packages\django\template\base.py", line 175, in render
    return self._render(context)
           ^^^^^^^^^^^^^^^^^^^^^
  File "C:\Users\nikol\AppData\Local\Programs\Python\Python311\Lib\site-packages\django\template\base.py", line 167, in _render
    return self.nodelist.render(context)
           ^^^^^^^^^^^^^^^^^^^^^^^^^^^^^
  File "C:\Users\nikol\AppData\Local\Programs\Python\Python311\Lib\site-packages\django\template\base.py", line 1005, in render
    return SafeString("".join([node.render_annotated(context) for node in self]))
                              ^^^^^^^^^^^^^^^^^^^^^^^^^^^^^^^^^^^^^^^^^^^^^^^^^
  File "C:\Users\nikol\AppData\Local\Programs\Python\Python311\Lib\site-packages\django\template\base.py", line 1005, in <listcomp>
    return SafeString("".join([node.render_annotated(context) for node in self]))
                               ^^^^^^^^^^^^^^^^^^^^^^^^^^^^^^
  File "C:\Users\nikol\AppData\Local\Programs\Python\Python311\Lib\site-packages\django\template\base.py", line 966, in render_annotated
    return self.render(context)
           ^^^^^^^^^^^^^^^^^^^^
  File "C:\Users\nikol\AppData\Local\Programs\Python\Python311\Lib\site-packages\django\template\loader_tags.py", line 132, in render
    compiled_parent = self.get_parent(context)
                      ^^^^^^^^^^^^^^^^^^^^^^^^
  File "C:\Users\nikol\AppData\Local\Programs\Python\Python311\Lib\site-packages\django\template\loader_tags.py", line 129, in get_parent
    return self.find_template(parent, context)
           ^^^^^^^^^^^^^^^^^^^^^^^^^^^^^^^^^^^
  File "C:\Users\nikol\AppData\Local\Programs\Python\Python311\Lib\site-packages\django\template\loader_tags.py", line 107, in find_template
    template, origin = context.template.engine.find_template(
                       ^^^^^^^^^^^^^^^^^^^^^^^^^^^^^^^^^^^^^^
  File "C:\Users\nikol\AppData\Local\Programs\Python\Python311\Lib\site-packages\django\template\engine.py", line 161, in find_template
    raise TemplateDoesNotExist(name, tried=tried)
django.template.exceptions.TemplateDoesNotExist: base.html

The above exception was the direct cause of the following exception:

Traceback (most recent call last):
  File "C:\Users\nikol\AppData\Local\Programs\Python\Python311\Lib\site-packages\django\core\handlers\exception.py", line 55, in inner
    response = get_response(request)
               ^^^^^^^^^^^^^^^^^^^^^
  File "C:\Users\nikol\AppData\Local\Programs\Python\Python311\Lib\site-packages\django\core\handlers\base.py", line 197, in _get_response
    response = wrapped_callback(request, *callback_args, **callback_kwargs)
               ^^^^^^^^^^^^^^^^^^^^^^^^^^^^^^^^^^^^^^^^^^^^^^^^^^^^^^^^^^^^
  File "C:\Users\nikol\PycharmProjects\pythonProject2\Django_dz\dz_sem4\dz_sem4app\views.py", line 38, in add_product
    return render(request, 'dz_sem4app/product_add.html', {'form': form, 'message': message, 'title': 'Добавить продукт'})
           ^^^^^^^^^^^^^^^^^^^^^^^^^^^^^^^^^^^^^^^^^^^^^^^^^^^^^^^^^^^^^^^^^^^^^^^^^^^^^^^^^^^^^^^^^^^^^^^^^^^^^^^^^^^^^^^
  File "C:\Users\nikol\AppData\Local\Programs\Python\Python311\Lib\site-packages\django\shortcuts.py", line 24, in render
    content = loader.render_to_string(template_name, context, request, using=using)
              ^^^^^^^^^^^^^^^^^^^^^^^^^^^^^^^^^^^^^^^^^^^^^^^^^^^^^^^^^^^^^^^^^^^^^
  File "C:\Users\nikol\AppData\Local\Programs\Python\Python311\Lib\site-packages\django\template\loader.py", line 62, in render_to_string
    return template.render(context, request)
           ^^^^^^^^^^^^^^^^^^^^^^^^^^^^^^^^^
  File "C:\Users\nikol\AppData\Local\Programs\Python\Python311\Lib\site-packages\django\template\backends\django.py", line 63, in render
    reraise(exc, self.backend)
  File "C:\Users\nikol\AppData\Local\Programs\Python\Python311\Lib\site-packages\django\template\backends\django.py", line 84, in reraise
    raise new from exc
django.template.exceptions.TemplateDoesNotExist: base.html
ERROR 2023-10-01 16:23:16,202 basehttp 11260 7576 "GET /dz_sem4app/add_product/ HTTP/1.1" 500 136442
WARNING 2023-10-01 16:25:14,452 log 11260 7576 Not Found: /dz_sem4app/fake_clients
WARNING 2023-10-01 16:25:14,452 basehttp 11260 7576 "GET /dz_sem4app/fake_clients HTTP/1.1" 404 3321
INFO 2023-10-01 16:25:18,980 basehttp 11260 7576 "GET /dz_sem4app/fake_clients/10 HTTP/1.1" 301 0
ERROR 2023-10-01 16:25:19,041 log 11260 6580 Internal Server Error: /dz_sem4app/fake_clients/10/
Traceback (most recent call last):
  File "C:\Users\nikol\AppData\Local\Programs\Python\Python311\Lib\site-packages\django\template\backends\django.py", line 61, in render
    return self.template.render(context)
           ^^^^^^^^^^^^^^^^^^^^^^^^^^^^^
  File "C:\Users\nikol\AppData\Local\Programs\Python\Python311\Lib\site-packages\django\template\base.py", line 175, in render
    return self._render(context)
           ^^^^^^^^^^^^^^^^^^^^^
  File "C:\Users\nikol\AppData\Local\Programs\Python\Python311\Lib\site-packages\django\template\base.py", line 167, in _render
    return self.nodelist.render(context)
           ^^^^^^^^^^^^^^^^^^^^^^^^^^^^^
  File "C:\Users\nikol\AppData\Local\Programs\Python\Python311\Lib\site-packages\django\template\base.py", line 1005, in render
    return SafeString("".join([node.render_annotated(context) for node in self]))
                              ^^^^^^^^^^^^^^^^^^^^^^^^^^^^^^^^^^^^^^^^^^^^^^^^^
  File "C:\Users\nikol\AppData\Local\Programs\Python\Python311\Lib\site-packages\django\template\base.py", line 1005, in <listcomp>
    return SafeString("".join([node.render_annotated(context) for node in self]))
                               ^^^^^^^^^^^^^^^^^^^^^^^^^^^^^^
  File "C:\Users\nikol\AppData\Local\Programs\Python\Python311\Lib\site-packages\django\template\base.py", line 966, in render_annotated
    return self.render(context)
           ^^^^^^^^^^^^^^^^^^^^
  File "C:\Users\nikol\AppData\Local\Programs\Python\Python311\Lib\site-packages\django\template\loader_tags.py", line 132, in render
    compiled_parent = self.get_parent(context)
                      ^^^^^^^^^^^^^^^^^^^^^^^^
  File "C:\Users\nikol\AppData\Local\Programs\Python\Python311\Lib\site-packages\django\template\loader_tags.py", line 129, in get_parent
    return self.find_template(parent, context)
           ^^^^^^^^^^^^^^^^^^^^^^^^^^^^^^^^^^^
  File "C:\Users\nikol\AppData\Local\Programs\Python\Python311\Lib\site-packages\django\template\loader_tags.py", line 107, in find_template
    template, origin = context.template.engine.find_template(
                       ^^^^^^^^^^^^^^^^^^^^^^^^^^^^^^^^^^^^^^
  File "C:\Users\nikol\AppData\Local\Programs\Python\Python311\Lib\site-packages\django\template\engine.py", line 161, in find_template
    raise TemplateDoesNotExist(name, tried=tried)
django.template.exceptions.TemplateDoesNotExist: base.html

The above exception was the direct cause of the following exception:

Traceback (most recent call last):
  File "C:\Users\nikol\AppData\Local\Programs\Python\Python311\Lib\site-packages\django\core\handlers\exception.py", line 55, in inner
    response = get_response(request)
               ^^^^^^^^^^^^^^^^^^^^^
  File "C:\Users\nikol\AppData\Local\Programs\Python\Python311\Lib\site-packages\django\core\handlers\base.py", line 197, in _get_response
    response = wrapped_callback(request, *callback_args, **callback_kwargs)
               ^^^^^^^^^^^^^^^^^^^^^^^^^^^^^^^^^^^^^^^^^^^^^^^^^^^^^^^^^^^^
  File "C:\Users\nikol\PycharmProjects\pythonProject2\Django_dz\dz_sem4\dz_sem4app\views.py", line 86, in fake_clients
    return render(request, 'dz_sem4app/index.html', context)
           ^^^^^^^^^^^^^^^^^^^^^^^^^^^^^^^^^^^^^^^^^^^^^^^^^
  File "C:\Users\nikol\AppData\Local\Programs\Python\Python311\Lib\site-packages\django\shortcuts.py", line 24, in render
    content = loader.render_to_string(template_name, context, request, using=using)
              ^^^^^^^^^^^^^^^^^^^^^^^^^^^^^^^^^^^^^^^^^^^^^^^^^^^^^^^^^^^^^^^^^^^^^
  File "C:\Users\nikol\AppData\Local\Programs\Python\Python311\Lib\site-packages\django\template\loader.py", line 62, in render_to_string
    return template.render(context, request)
           ^^^^^^^^^^^^^^^^^^^^^^^^^^^^^^^^^
  File "C:\Users\nikol\AppData\Local\Programs\Python\Python311\Lib\site-packages\django\template\backends\django.py", line 63, in render
    reraise(exc, self.backend)
  File "C:\Users\nikol\AppData\Local\Programs\Python\Python311\Lib\site-packages\django\template\backends\django.py", line 84, in reraise
    raise new from exc
django.template.exceptions.TemplateDoesNotExist: base.html
ERROR 2023-10-01 16:25:19,044 basehttp 11260 6580 "GET /dz_sem4app/fake_clients/10/ HTTP/1.1" 500 134191
INFO 2023-10-01 16:27:59,590 autoreload 11260 7184 C:\Users\nikol\PycharmProjects\pythonProject2\Django_dz\dz_sem4\dz_sem4\settings.py changed, reloading.
INFO 2023-10-01 16:27:59,968 autoreload 15252 14364 Watching for file changes with StatReloader
INFO 2023-10-01 16:28:22,006 basehttp 15252 15112 "GET /dz_sem4app/fake_clients/10/ HTTP/1.1" 200 566
WARNING 2023-10-01 16:28:36,111 log 15252 15112 Not Found: /dz_sem4app/index
WARNING 2023-10-01 16:28:36,111 basehttp 15252 15112 "GET /dz_sem4app/index HTTP/1.1" 404 3300
WARNING 2023-10-01 16:29:14,425 log 15252 15112 Not Found: /dz_sem4app/fake_clients
WARNING 2023-10-01 16:29:14,426 basehttp 15252 15112 "GET /dz_sem4app/fake_clients HTTP/1.1" 404 3321
INFO 2023-10-01 16:29:18,176 basehttp 15252 15112 "GET /dz_sem4app/fake_clients/10/ HTTP/1.1" 200 566
INFO 2023-10-01 16:29:22,801 basehttp 15252 15112 "GET /dz_sem4app/add_product/ HTTP/1.1" 200 1842
WARNING 2023-10-01 16:29:57,402 log 15252 15112 Not Found: /dz_sem4app/fake_products
WARNING 2023-10-01 16:29:57,403 basehttp 15252 15112 "GET /dz_sem4app/fake_products HTTP/1.1" 404 3324
INFO 2023-10-01 16:30:01,969 basehttp 15252 15112 "GET /dz_sem4app/fake_products/10/ HTTP/1.1" 200 567
INFO 2023-10-01 16:30:16,474 basehttp 15252 15112 "GET /dz_sem4app/show_products HTTP/1.1" 301 0
INFO 2023-10-01 16:30:16,479 basehttp 15252 7680 "GET /dz_sem4app/show_products/ HTTP/1.1" 200 3562
INFO 2023-10-01 16:30:36,848 basehttp 15252 7680 "GET /dz_sem4app/fake_products/10/ HTTP/1.1" 200 567
INFO 2023-10-01 16:30:43,253 basehttp 15252 7680 "GET /dz_sem4app/show_products/ HTTP/1.1" 200 5073
INFO 2023-10-01 16:30:44,636 basehttp 15252 7680 "GET /dz_sem4app/add_product/ HTTP/1.1" 200 1842
INFO 2023-10-01 16:32:14,168 basehttp 15252 7680 "POST /dz_sem4app/add_product/ HTTP/1.1" 200 1948
WARNING 2023-10-01 16:32:44,986 log 15252 7680 Not Found: /dz_sem4app/add_product/10
WARNING 2023-10-01 16:32:44,987 basehttp 15252 7680 "GET /dz_sem4app/add_product/10 HTTP/1.1" 404 3327
WARNING 2023-10-01 16:32:58,402 log 15252 7680 Not Found: /dz_sem4app/index
WARNING 2023-10-01 16:32:58,403 basehttp 15252 7680 "GET /dz_sem4app/index HTTP/1.1" 404 3300
INFO 2023-10-01 16:33:08,851 basehttp 15252 7680 "GET /dz_sem4app/fake_products/10/ HTTP/1.1" 200 567
INFO 2023-10-01 16:33:10,393 basehttp 15252 7680 "GET /dz_sem4app/update_product/ HTTP/1.1" 200 4916
INFO 2023-10-01 16:33:12,924 basehttp 15252 7680 "GET /dz_sem4app/add_product/ HTTP/1.1" 200 1842
INFO 2023-10-01 16:34:34,844 basehttp 15252 7680 "POST /dz_sem4app/add_product/ HTTP/1.1" 200 1932
INFO 2023-10-01 16:34:37,025 basehttp 15252 7680 "GET /dz_sem4app/add_product/ HTTP/1.1" 200 1842
INFO 2023-10-01 16:34:39,909 basehttp 15252 7680 "GET /dz_sem4app/show_products/ HTTP/1.1" 200 7290
WARNING 2023-10-01 16:34:39,928 log 15252 7680 Not Found: /media/images/кеды.jpg
WARNING 2023-10-01 16:34:39,928 log 15252 14988 Not Found: /media/images/кроссовки.png
WARNING 2023-10-01 16:34:39,929 basehttp 15252 7680 "GET /media/images/%D0%BA%D0%B5%D0%B4%D1%8B.jpg HTTP/1.1" 404 2280
WARNING 2023-10-01 16:34:39,929 basehttp 15252 14988 "GET /media/images/%D0%BA%D1%80%D0%BE%D1%81%D1%81%D0%BE%D0%B2%D0%BA%D0%B8.png HTTP/1.1" 404 2330
INFO 2023-10-01 16:34:59,936 basehttp 15252 14988 "GET /dz_sem4app/update_product/ HTTP/1.1" 200 5018
INFO 2023-10-01 16:35:05,804 basehttp 15252 14988 "GET /dz_sem4app/show_products/ HTTP/1.1" 200 7290
WARNING 2023-10-01 16:35:05,822 log 15252 7680 Not Found: /media/images/кроссовки.png
WARNING 2023-10-01 16:35:05,823 log 15252 14988 Not Found: /media/images/кеды.jpg
WARNING 2023-10-01 16:35:05,823 basehttp 15252 7680 "GET /media/images/%D0%BA%D1%80%D0%BE%D1%81%D1%81%D0%BE%D0%B2%D0%BA%D0%B8.png HTTP/1.1" 404 2330
WARNING 2023-10-01 16:35:05,823 basehttp 15252 14988 "GET /media/images/%D0%BA%D0%B5%D0%B4%D1%8B.jpg HTTP/1.1" 404 2280
INFO 2023-10-01 16:35:32,101 basehttp 15252 14988 "GET /dz_sem4app/update_product/ HTTP/1.1" 200 5018
INFO 2023-10-01 16:36:44,220 basehttp 15252 14988 "POST /dz_sem4app/update_product/ HTTP/1.1" 200 5084
INFO 2023-10-01 16:36:46,509 basehttp 15252 14988 "GET /dz_sem4app/update_product/ HTTP/1.1" 200 5053
INFO 2023-10-01 16:36:55,715 basehttp 15252 14988 "GET /dz_sem4app/add_product/ HTTP/1.1" 200 1842
INFO 2023-10-01 16:36:58,111 basehttp 15252 14988 "GET /dz_sem4app/update_product/ HTTP/1.1" 200 5053
INFO 2023-10-01 16:37:16,276 basehttp 15252 14988 "GET /dz_sem4app/show_products/ HTTP/1.1" 200 7488
WARNING 2023-10-01 16:37:16,298 log 15252 14988 Not Found: /media/images/vedro_otsinkovannoe_9l_1_full.jpg
WARNING 2023-10-01 16:37:16,299 log 15252 7680 Not Found: /media/images/кеды.jpg
WARNING 2023-10-01 16:37:16,299 basehttp 15252 14988 "GET /media/images/vedro_otsinkovannoe_9l_1_full.jpg HTTP/1.1" 404 2327
WARNING 2023-10-01 16:37:16,300 basehttp 15252 7680 "GET /media/images/%D0%BA%D0%B5%D0%B4%D1%8B.jpg HTTP/1.1" 404 2280
WARNING 2023-10-01 16:37:16,302 log 15252 8956 Not Found: /media/images/кроссовки.png
WARNING 2023-10-01 16:37:16,302 basehttp 15252 8956 "GET /media/images/%D0%BA%D1%80%D0%BE%D1%81%D1%81%D0%BE%D0%B2%D0%BA%D0%B8.png HTTP/1.1" 404 2330
INFO 2023-10-01 16:40:34,324 basehttp 15252 8956 "GET /dz_sem4app/show_products/ HTTP/1.1" 200 7488
WARNING 2023-10-01 16:40:34,344 log 15252 8956 Not Found: /media/images/vedro_otsinkovannoe_9l_1_full.jpg
WARNING 2023-10-01 16:40:34,345 log 15252 7680 Not Found: /media/images/кеды.jpg
WARNING 2023-10-01 16:40:34,354 basehttp 15252 8956 "GET /media/images/vedro_otsinkovannoe_9l_1_full.jpg HTTP/1.1" 404 2327
WARNING 2023-10-01 16:40:34,354 basehttp 15252 7680 "GET /media/images/%D0%BA%D0%B5%D0%B4%D1%8B.jpg HTTP/1.1" 404 2280
WARNING 2023-10-01 16:40:34,355 log 15252 14988 Not Found: /media/images/кроссовки.png
WARNING 2023-10-01 16:40:34,356 basehttp 15252 14988 "GET /media/images/%D0%BA%D1%80%D0%BE%D1%81%D1%81%D0%BE%D0%B2%D0%BA%D0%B8.png HTTP/1.1" 404 2330
INFO 2023-10-01 16:40:36,556 basehttp 15252 14988 "GET /dz_sem4app/add_product/ HTTP/1.1" 200 1842
ERROR 2023-10-01 16:42:34,311 log 15252 14988 Internal Server Error: /dz_sem4app/add_product/
Traceback (most recent call last):
  File "C:\Users\nikol\AppData\Local\Programs\Python\Python311\Lib\site-packages\django\core\handlers\exception.py", line 55, in inner
    response = get_response(request)
               ^^^^^^^^^^^^^^^^^^^^^
  File "C:\Users\nikol\AppData\Local\Programs\Python\Python311\Lib\site-packages\django\core\handlers\base.py", line 197, in _get_response
    response = wrapped_callback(request, *callback_args, **callback_kwargs)
               ^^^^^^^^^^^^^^^^^^^^^^^^^^^^^^^^^^^^^^^^^^^^^^^^^^^^^^^^^^^^
  File "C:\Users\nikol\PycharmProjects\pythonProject2\Django_dz\dz_sem4\dz_sem4app\views.py", line 32, in add_product
    product.save()
  File "C:\Users\nikol\AppData\Local\Programs\Python\Python311\Lib\site-packages\django\db\models\base.py", line 814, in save
    self.save_base(
  File "C:\Users\nikol\AppData\Local\Programs\Python\Python311\Lib\site-packages\django\db\models\base.py", line 877, in save_base
    updated = self._save_table(
              ^^^^^^^^^^^^^^^^^
  File "C:\Users\nikol\AppData\Local\Programs\Python\Python311\Lib\site-packages\django\db\models\base.py", line 1020, in _save_table
    results = self._do_insert(
              ^^^^^^^^^^^^^^^^
  File "C:\Users\nikol\AppData\Local\Programs\Python\Python311\Lib\site-packages\django\db\models\base.py", line 1061, in _do_insert
    return manager._insert(
           ^^^^^^^^^^^^^^^^
  File "C:\Users\nikol\AppData\Local\Programs\Python\Python311\Lib\site-packages\django\db\models\manager.py", line 87, in manager_method
    return getattr(self.get_queryset(), name)(*args, **kwargs)
           ^^^^^^^^^^^^^^^^^^^^^^^^^^^^^^^^^^^^^^^^^^^^^^^^^^^
  File "C:\Users\nikol\AppData\Local\Programs\Python\Python311\Lib\site-packages\django\db\models\query.py", line 1805, in _insert
    return query.get_compiler(using=using).execute_sql(returning_fields)
           ^^^^^^^^^^^^^^^^^^^^^^^^^^^^^^^^^^^^^^^^^^^^^^^^^^^^^^^^^^^^^
  File "C:\Users\nikol\AppData\Local\Programs\Python\Python311\Lib\site-packages\django\db\models\sql\compiler.py", line 1821, in execute_sql
    for sql, params in self.as_sql():
                       ^^^^^^^^^^^^^
  File "C:\Users\nikol\AppData\Local\Programs\Python\Python311\Lib\site-packages\django\db\models\sql\compiler.py", line 1745, in as_sql
    value_rows = [
                 ^
  File "C:\Users\nikol\AppData\Local\Programs\Python\Python311\Lib\site-packages\django\db\models\sql\compiler.py", line 1746, in <listcomp>
    [
  File "C:\Users\nikol\AppData\Local\Programs\Python\Python311\Lib\site-packages\django\db\models\sql\compiler.py", line 1747, in <listcomp>
    self.prepare_value(field, self.pre_save_val(field, obj))
  File "C:\Users\nikol\AppData\Local\Programs\Python\Python311\Lib\site-packages\django\db\models\sql\compiler.py", line 1686, in prepare_value
    return field.get_db_prep_save(value, connection=self.connection)
           ^^^^^^^^^^^^^^^^^^^^^^^^^^^^^^^^^^^^^^^^^^^^^^^^^^^^^^^^^
  File "C:\Users\nikol\AppData\Local\Programs\Python\Python311\Lib\site-packages\django\db\models\fields\__init__.py", line 1759, in get_db_prep_save
    return connection.ops.adapt_decimalfield_value(
           ^^^^^^^^^^^^^^^^^^^^^^^^^^^^^^^^^^^^^^^^
  File "C:\Users\nikol\AppData\Local\Programs\Python\Python311\Lib\site-packages\django\db\backends\base\operations.py", line 574, in adapt_decimalfield_value
    return utils.format_number(value, max_digits, decimal_places)
           ^^^^^^^^^^^^^^^^^^^^^^^^^^^^^^^^^^^^^^^^^^^^^^^^^^^^^^
  File "C:\Users\nikol\AppData\Local\Programs\Python\Python311\Lib\site-packages\django\db\backends\utils.py", line 304, in format_number
    value = value.quantize(
            ^^^^^^^^^^^^^^^
decimal.InvalidOperation: [<class 'decimal.InvalidOperation'>]
ERROR 2023-10-01 16:42:34,318 basehttp 15252 14988 "POST /dz_sem4app/add_product/ HTTP/1.1" 500 141479
ERROR 2023-10-01 16:42:47,903 log 15252 14988 Internal Server Error: /dz_sem4app/add_product/
Traceback (most recent call last):
  File "C:\Users\nikol\AppData\Local\Programs\Python\Python311\Lib\site-packages\django\core\handlers\exception.py", line 55, in inner
    response = get_response(request)
               ^^^^^^^^^^^^^^^^^^^^^
  File "C:\Users\nikol\AppData\Local\Programs\Python\Python311\Lib\site-packages\django\core\handlers\base.py", line 197, in _get_response
    response = wrapped_callback(request, *callback_args, **callback_kwargs)
               ^^^^^^^^^^^^^^^^^^^^^^^^^^^^^^^^^^^^^^^^^^^^^^^^^^^^^^^^^^^^
  File "C:\Users\nikol\PycharmProjects\pythonProject2\Django_dz\dz_sem4\dz_sem4app\views.py", line 32, in add_product
    product.save()
  File "C:\Users\nikol\AppData\Local\Programs\Python\Python311\Lib\site-packages\django\db\models\base.py", line 814, in save
    self.save_base(
  File "C:\Users\nikol\AppData\Local\Programs\Python\Python311\Lib\site-packages\django\db\models\base.py", line 877, in save_base
    updated = self._save_table(
              ^^^^^^^^^^^^^^^^^
  File "C:\Users\nikol\AppData\Local\Programs\Python\Python311\Lib\site-packages\django\db\models\base.py", line 1020, in _save_table
    results = self._do_insert(
              ^^^^^^^^^^^^^^^^
  File "C:\Users\nikol\AppData\Local\Programs\Python\Python311\Lib\site-packages\django\db\models\base.py", line 1061, in _do_insert
    return manager._insert(
           ^^^^^^^^^^^^^^^^
  File "C:\Users\nikol\AppData\Local\Programs\Python\Python311\Lib\site-packages\django\db\models\manager.py", line 87, in manager_method
    return getattr(self.get_queryset(), name)(*args, **kwargs)
           ^^^^^^^^^^^^^^^^^^^^^^^^^^^^^^^^^^^^^^^^^^^^^^^^^^^
  File "C:\Users\nikol\AppData\Local\Programs\Python\Python311\Lib\site-packages\django\db\models\query.py", line 1805, in _insert
    return query.get_compiler(using=using).execute_sql(returning_fields)
           ^^^^^^^^^^^^^^^^^^^^^^^^^^^^^^^^^^^^^^^^^^^^^^^^^^^^^^^^^^^^^
  File "C:\Users\nikol\AppData\Local\Programs\Python\Python311\Lib\site-packages\django\db\models\sql\compiler.py", line 1821, in execute_sql
    for sql, params in self.as_sql():
                       ^^^^^^^^^^^^^
  File "C:\Users\nikol\AppData\Local\Programs\Python\Python311\Lib\site-packages\django\db\models\sql\compiler.py", line 1745, in as_sql
    value_rows = [
                 ^
  File "C:\Users\nikol\AppData\Local\Programs\Python\Python311\Lib\site-packages\django\db\models\sql\compiler.py", line 1746, in <listcomp>
    [
  File "C:\Users\nikol\AppData\Local\Programs\Python\Python311\Lib\site-packages\django\db\models\sql\compiler.py", line 1747, in <listcomp>
    self.prepare_value(field, self.pre_save_val(field, obj))
  File "C:\Users\nikol\AppData\Local\Programs\Python\Python311\Lib\site-packages\django\db\models\sql\compiler.py", line 1686, in prepare_value
    return field.get_db_prep_save(value, connection=self.connection)
           ^^^^^^^^^^^^^^^^^^^^^^^^^^^^^^^^^^^^^^^^^^^^^^^^^^^^^^^^^
  File "C:\Users\nikol\AppData\Local\Programs\Python\Python311\Lib\site-packages\django\db\models\fields\__init__.py", line 1759, in get_db_prep_save
    return connection.ops.adapt_decimalfield_value(
           ^^^^^^^^^^^^^^^^^^^^^^^^^^^^^^^^^^^^^^^^
  File "C:\Users\nikol\AppData\Local\Programs\Python\Python311\Lib\site-packages\django\db\backends\base\operations.py", line 574, in adapt_decimalfield_value
    return utils.format_number(value, max_digits, decimal_places)
           ^^^^^^^^^^^^^^^^^^^^^^^^^^^^^^^^^^^^^^^^^^^^^^^^^^^^^^
  File "C:\Users\nikol\AppData\Local\Programs\Python\Python311\Lib\site-packages\django\db\backends\utils.py", line 304, in format_number
    value = value.quantize(
            ^^^^^^^^^^^^^^^
decimal.InvalidOperation: [<class 'decimal.InvalidOperation'>]
ERROR 2023-10-01 16:42:47,906 basehttp 15252 14988 "POST /dz_sem4app/add_product/ HTTP/1.1" 500 141479
ERROR 2023-10-01 16:43:22,110 log 15252 14988 Internal Server Error: /dz_sem4app/add_product/
Traceback (most recent call last):
  File "C:\Users\nikol\AppData\Local\Programs\Python\Python311\Lib\site-packages\django\core\handlers\exception.py", line 55, in inner
    response = get_response(request)
               ^^^^^^^^^^^^^^^^^^^^^
  File "C:\Users\nikol\AppData\Local\Programs\Python\Python311\Lib\site-packages\django\core\handlers\base.py", line 197, in _get_response
    response = wrapped_callback(request, *callback_args, **callback_kwargs)
               ^^^^^^^^^^^^^^^^^^^^^^^^^^^^^^^^^^^^^^^^^^^^^^^^^^^^^^^^^^^^
  File "C:\Users\nikol\PycharmProjects\pythonProject2\Django_dz\dz_sem4\dz_sem4app\views.py", line 32, in add_product
    product.save()
  File "C:\Users\nikol\AppData\Local\Programs\Python\Python311\Lib\site-packages\django\db\models\base.py", line 814, in save
    self.save_base(
  File "C:\Users\nikol\AppData\Local\Programs\Python\Python311\Lib\site-packages\django\db\models\base.py", line 877, in save_base
    updated = self._save_table(
              ^^^^^^^^^^^^^^^^^
  File "C:\Users\nikol\AppData\Local\Programs\Python\Python311\Lib\site-packages\django\db\models\base.py", line 1020, in _save_table
    results = self._do_insert(
              ^^^^^^^^^^^^^^^^
  File "C:\Users\nikol\AppData\Local\Programs\Python\Python311\Lib\site-packages\django\db\models\base.py", line 1061, in _do_insert
    return manager._insert(
           ^^^^^^^^^^^^^^^^
  File "C:\Users\nikol\AppData\Local\Programs\Python\Python311\Lib\site-packages\django\db\models\manager.py", line 87, in manager_method
    return getattr(self.get_queryset(), name)(*args, **kwargs)
           ^^^^^^^^^^^^^^^^^^^^^^^^^^^^^^^^^^^^^^^^^^^^^^^^^^^
  File "C:\Users\nikol\AppData\Local\Programs\Python\Python311\Lib\site-packages\django\db\models\query.py", line 1805, in _insert
    return query.get_compiler(using=using).execute_sql(returning_fields)
           ^^^^^^^^^^^^^^^^^^^^^^^^^^^^^^^^^^^^^^^^^^^^^^^^^^^^^^^^^^^^^
  File "C:\Users\nikol\AppData\Local\Programs\Python\Python311\Lib\site-packages\django\db\models\sql\compiler.py", line 1821, in execute_sql
    for sql, params in self.as_sql():
                       ^^^^^^^^^^^^^
  File "C:\Users\nikol\AppData\Local\Programs\Python\Python311\Lib\site-packages\django\db\models\sql\compiler.py", line 1745, in as_sql
    value_rows = [
                 ^
  File "C:\Users\nikol\AppData\Local\Programs\Python\Python311\Lib\site-packages\django\db\models\sql\compiler.py", line 1746, in <listcomp>
    [
  File "C:\Users\nikol\AppData\Local\Programs\Python\Python311\Lib\site-packages\django\db\models\sql\compiler.py", line 1747, in <listcomp>
    self.prepare_value(field, self.pre_save_val(field, obj))
  File "C:\Users\nikol\AppData\Local\Programs\Python\Python311\Lib\site-packages\django\db\models\sql\compiler.py", line 1686, in prepare_value
    return field.get_db_prep_save(value, connection=self.connection)
           ^^^^^^^^^^^^^^^^^^^^^^^^^^^^^^^^^^^^^^^^^^^^^^^^^^^^^^^^^
  File "C:\Users\nikol\AppData\Local\Programs\Python\Python311\Lib\site-packages\django\db\models\fields\__init__.py", line 1759, in get_db_prep_save
    return connection.ops.adapt_decimalfield_value(
           ^^^^^^^^^^^^^^^^^^^^^^^^^^^^^^^^^^^^^^^^
  File "C:\Users\nikol\AppData\Local\Programs\Python\Python311\Lib\site-packages\django\db\backends\base\operations.py", line 574, in adapt_decimalfield_value
    return utils.format_number(value, max_digits, decimal_places)
           ^^^^^^^^^^^^^^^^^^^^^^^^^^^^^^^^^^^^^^^^^^^^^^^^^^^^^^
  File "C:\Users\nikol\AppData\Local\Programs\Python\Python311\Lib\site-packages\django\db\backends\utils.py", line 304, in format_number
    value = value.quantize(
            ^^^^^^^^^^^^^^^
decimal.InvalidOperation: [<class 'decimal.InvalidOperation'>]
ERROR 2023-10-01 16:43:22,113 basehttp 15252 14988 "POST /dz_sem4app/add_product/ HTTP/1.1" 500 141479
ERROR 2023-10-01 16:43:26,952 log 15252 14988 Internal Server Error: /dz_sem4app/add_product/
Traceback (most recent call last):
  File "C:\Users\nikol\AppData\Local\Programs\Python\Python311\Lib\site-packages\django\core\handlers\exception.py", line 55, in inner
    response = get_response(request)
               ^^^^^^^^^^^^^^^^^^^^^
  File "C:\Users\nikol\AppData\Local\Programs\Python\Python311\Lib\site-packages\django\core\handlers\base.py", line 197, in _get_response
    response = wrapped_callback(request, *callback_args, **callback_kwargs)
               ^^^^^^^^^^^^^^^^^^^^^^^^^^^^^^^^^^^^^^^^^^^^^^^^^^^^^^^^^^^^
  File "C:\Users\nikol\PycharmProjects\pythonProject2\Django_dz\dz_sem4\dz_sem4app\views.py", line 32, in add_product
    product.save()
  File "C:\Users\nikol\AppData\Local\Programs\Python\Python311\Lib\site-packages\django\db\models\base.py", line 814, in save
    self.save_base(
  File "C:\Users\nikol\AppData\Local\Programs\Python\Python311\Lib\site-packages\django\db\models\base.py", line 877, in save_base
    updated = self._save_table(
              ^^^^^^^^^^^^^^^^^
  File "C:\Users\nikol\AppData\Local\Programs\Python\Python311\Lib\site-packages\django\db\models\base.py", line 1020, in _save_table
    results = self._do_insert(
              ^^^^^^^^^^^^^^^^
  File "C:\Users\nikol\AppData\Local\Programs\Python\Python311\Lib\site-packages\django\db\models\base.py", line 1061, in _do_insert
    return manager._insert(
           ^^^^^^^^^^^^^^^^
  File "C:\Users\nikol\AppData\Local\Programs\Python\Python311\Lib\site-packages\django\db\models\manager.py", line 87, in manager_method
    return getattr(self.get_queryset(), name)(*args, **kwargs)
           ^^^^^^^^^^^^^^^^^^^^^^^^^^^^^^^^^^^^^^^^^^^^^^^^^^^
  File "C:\Users\nikol\AppData\Local\Programs\Python\Python311\Lib\site-packages\django\db\models\query.py", line 1805, in _insert
    return query.get_compiler(using=using).execute_sql(returning_fields)
           ^^^^^^^^^^^^^^^^^^^^^^^^^^^^^^^^^^^^^^^^^^^^^^^^^^^^^^^^^^^^^
  File "C:\Users\nikol\AppData\Local\Programs\Python\Python311\Lib\site-packages\django\db\models\sql\compiler.py", line 1821, in execute_sql
    for sql, params in self.as_sql():
                       ^^^^^^^^^^^^^
  File "C:\Users\nikol\AppData\Local\Programs\Python\Python311\Lib\site-packages\django\db\models\sql\compiler.py", line 1745, in as_sql
    value_rows = [
                 ^
  File "C:\Users\nikol\AppData\Local\Programs\Python\Python311\Lib\site-packages\django\db\models\sql\compiler.py", line 1746, in <listcomp>
    [
  File "C:\Users\nikol\AppData\Local\Programs\Python\Python311\Lib\site-packages\django\db\models\sql\compiler.py", line 1747, in <listcomp>
    self.prepare_value(field, self.pre_save_val(field, obj))
  File "C:\Users\nikol\AppData\Local\Programs\Python\Python311\Lib\site-packages\django\db\models\sql\compiler.py", line 1686, in prepare_value
    return field.get_db_prep_save(value, connection=self.connection)
           ^^^^^^^^^^^^^^^^^^^^^^^^^^^^^^^^^^^^^^^^^^^^^^^^^^^^^^^^^
  File "C:\Users\nikol\AppData\Local\Programs\Python\Python311\Lib\site-packages\django\db\models\fields\__init__.py", line 1759, in get_db_prep_save
    return connection.ops.adapt_decimalfield_value(
           ^^^^^^^^^^^^^^^^^^^^^^^^^^^^^^^^^^^^^^^^
  File "C:\Users\nikol\AppData\Local\Programs\Python\Python311\Lib\site-packages\django\db\backends\base\operations.py", line 574, in adapt_decimalfield_value
    return utils.format_number(value, max_digits, decimal_places)
           ^^^^^^^^^^^^^^^^^^^^^^^^^^^^^^^^^^^^^^^^^^^^^^^^^^^^^^
  File "C:\Users\nikol\AppData\Local\Programs\Python\Python311\Lib\site-packages\django\db\backends\utils.py", line 304, in format_number
    value = value.quantize(
            ^^^^^^^^^^^^^^^
decimal.InvalidOperation: [<class 'decimal.InvalidOperation'>]
ERROR 2023-10-01 16:43:26,955 basehttp 15252 14988 "POST /dz_sem4app/add_product/ HTTP/1.1" 500 141479
ERROR 2023-10-01 16:43:40,785 log 15252 14988 Internal Server Error: /dz_sem4app/add_product/
Traceback (most recent call last):
  File "C:\Users\nikol\AppData\Local\Programs\Python\Python311\Lib\site-packages\django\core\handlers\exception.py", line 55, in inner
    response = get_response(request)
               ^^^^^^^^^^^^^^^^^^^^^
  File "C:\Users\nikol\AppData\Local\Programs\Python\Python311\Lib\site-packages\django\core\handlers\base.py", line 197, in _get_response
    response = wrapped_callback(request, *callback_args, **callback_kwargs)
               ^^^^^^^^^^^^^^^^^^^^^^^^^^^^^^^^^^^^^^^^^^^^^^^^^^^^^^^^^^^^
  File "C:\Users\nikol\PycharmProjects\pythonProject2\Django_dz\dz_sem4\dz_sem4app\views.py", line 32, in add_product
    product.save()
  File "C:\Users\nikol\AppData\Local\Programs\Python\Python311\Lib\site-packages\django\db\models\base.py", line 814, in save
    self.save_base(
  File "C:\Users\nikol\AppData\Local\Programs\Python\Python311\Lib\site-packages\django\db\models\base.py", line 877, in save_base
    updated = self._save_table(
              ^^^^^^^^^^^^^^^^^
  File "C:\Users\nikol\AppData\Local\Programs\Python\Python311\Lib\site-packages\django\db\models\base.py", line 1020, in _save_table
    results = self._do_insert(
              ^^^^^^^^^^^^^^^^
  File "C:\Users\nikol\AppData\Local\Programs\Python\Python311\Lib\site-packages\django\db\models\base.py", line 1061, in _do_insert
    return manager._insert(
           ^^^^^^^^^^^^^^^^
  File "C:\Users\nikol\AppData\Local\Programs\Python\Python311\Lib\site-packages\django\db\models\manager.py", line 87, in manager_method
    return getattr(self.get_queryset(), name)(*args, **kwargs)
           ^^^^^^^^^^^^^^^^^^^^^^^^^^^^^^^^^^^^^^^^^^^^^^^^^^^
  File "C:\Users\nikol\AppData\Local\Programs\Python\Python311\Lib\site-packages\django\db\models\query.py", line 1805, in _insert
    return query.get_compiler(using=using).execute_sql(returning_fields)
           ^^^^^^^^^^^^^^^^^^^^^^^^^^^^^^^^^^^^^^^^^^^^^^^^^^^^^^^^^^^^^
  File "C:\Users\nikol\AppData\Local\Programs\Python\Python311\Lib\site-packages\django\db\models\sql\compiler.py", line 1821, in execute_sql
    for sql, params in self.as_sql():
                       ^^^^^^^^^^^^^
  File "C:\Users\nikol\AppData\Local\Programs\Python\Python311\Lib\site-packages\django\db\models\sql\compiler.py", line 1745, in as_sql
    value_rows = [
                 ^
  File "C:\Users\nikol\AppData\Local\Programs\Python\Python311\Lib\site-packages\django\db\models\sql\compiler.py", line 1746, in <listcomp>
    [
  File "C:\Users\nikol\AppData\Local\Programs\Python\Python311\Lib\site-packages\django\db\models\sql\compiler.py", line 1747, in <listcomp>
    self.prepare_value(field, self.pre_save_val(field, obj))
  File "C:\Users\nikol\AppData\Local\Programs\Python\Python311\Lib\site-packages\django\db\models\sql\compiler.py", line 1686, in prepare_value
    return field.get_db_prep_save(value, connection=self.connection)
           ^^^^^^^^^^^^^^^^^^^^^^^^^^^^^^^^^^^^^^^^^^^^^^^^^^^^^^^^^
  File "C:\Users\nikol\AppData\Local\Programs\Python\Python311\Lib\site-packages\django\db\models\fields\__init__.py", line 1759, in get_db_prep_save
    return connection.ops.adapt_decimalfield_value(
           ^^^^^^^^^^^^^^^^^^^^^^^^^^^^^^^^^^^^^^^^
  File "C:\Users\nikol\AppData\Local\Programs\Python\Python311\Lib\site-packages\django\db\backends\base\operations.py", line 574, in adapt_decimalfield_value
    return utils.format_number(value, max_digits, decimal_places)
           ^^^^^^^^^^^^^^^^^^^^^^^^^^^^^^^^^^^^^^^^^^^^^^^^^^^^^^
  File "C:\Users\nikol\AppData\Local\Programs\Python\Python311\Lib\site-packages\django\db\backends\utils.py", line 304, in format_number
    value = value.quantize(
            ^^^^^^^^^^^^^^^
decimal.InvalidOperation: [<class 'decimal.InvalidOperation'>]
ERROR 2023-10-01 16:43:40,789 basehttp 15252 14988 "POST /dz_sem4app/add_product/ HTTP/1.1" 500 141479
ERROR 2023-10-01 16:43:44,153 log 15252 14988 Internal Server Error: /dz_sem4app/add_product/
Traceback (most recent call last):
  File "C:\Users\nikol\AppData\Local\Programs\Python\Python311\Lib\site-packages\django\core\handlers\exception.py", line 55, in inner
    response = get_response(request)
               ^^^^^^^^^^^^^^^^^^^^^
  File "C:\Users\nikol\AppData\Local\Programs\Python\Python311\Lib\site-packages\django\core\handlers\base.py", line 197, in _get_response
    response = wrapped_callback(request, *callback_args, **callback_kwargs)
               ^^^^^^^^^^^^^^^^^^^^^^^^^^^^^^^^^^^^^^^^^^^^^^^^^^^^^^^^^^^^
  File "C:\Users\nikol\PycharmProjects\pythonProject2\Django_dz\dz_sem4\dz_sem4app\views.py", line 32, in add_product
    product.save()
  File "C:\Users\nikol\AppData\Local\Programs\Python\Python311\Lib\site-packages\django\db\models\base.py", line 814, in save
    self.save_base(
  File "C:\Users\nikol\AppData\Local\Programs\Python\Python311\Lib\site-packages\django\db\models\base.py", line 877, in save_base
    updated = self._save_table(
              ^^^^^^^^^^^^^^^^^
  File "C:\Users\nikol\AppData\Local\Programs\Python\Python311\Lib\site-packages\django\db\models\base.py", line 1020, in _save_table
    results = self._do_insert(
              ^^^^^^^^^^^^^^^^
  File "C:\Users\nikol\AppData\Local\Programs\Python\Python311\Lib\site-packages\django\db\models\base.py", line 1061, in _do_insert
    return manager._insert(
           ^^^^^^^^^^^^^^^^
  File "C:\Users\nikol\AppData\Local\Programs\Python\Python311\Lib\site-packages\django\db\models\manager.py", line 87, in manager_method
    return getattr(self.get_queryset(), name)(*args, **kwargs)
           ^^^^^^^^^^^^^^^^^^^^^^^^^^^^^^^^^^^^^^^^^^^^^^^^^^^
  File "C:\Users\nikol\AppData\Local\Programs\Python\Python311\Lib\site-packages\django\db\models\query.py", line 1805, in _insert
    return query.get_compiler(using=using).execute_sql(returning_fields)
           ^^^^^^^^^^^^^^^^^^^^^^^^^^^^^^^^^^^^^^^^^^^^^^^^^^^^^^^^^^^^^
  File "C:\Users\nikol\AppData\Local\Programs\Python\Python311\Lib\site-packages\django\db\models\sql\compiler.py", line 1821, in execute_sql
    for sql, params in self.as_sql():
                       ^^^^^^^^^^^^^
  File "C:\Users\nikol\AppData\Local\Programs\Python\Python311\Lib\site-packages\django\db\models\sql\compiler.py", line 1745, in as_sql
    value_rows = [
                 ^
  File "C:\Users\nikol\AppData\Local\Programs\Python\Python311\Lib\site-packages\django\db\models\sql\compiler.py", line 1746, in <listcomp>
    [
  File "C:\Users\nikol\AppData\Local\Programs\Python\Python311\Lib\site-packages\django\db\models\sql\compiler.py", line 1747, in <listcomp>
    self.prepare_value(field, self.pre_save_val(field, obj))
  File "C:\Users\nikol\AppData\Local\Programs\Python\Python311\Lib\site-packages\django\db\models\sql\compiler.py", line 1686, in prepare_value
    return field.get_db_prep_save(value, connection=self.connection)
           ^^^^^^^^^^^^^^^^^^^^^^^^^^^^^^^^^^^^^^^^^^^^^^^^^^^^^^^^^
  File "C:\Users\nikol\AppData\Local\Programs\Python\Python311\Lib\site-packages\django\db\models\fields\__init__.py", line 1759, in get_db_prep_save
    return connection.ops.adapt_decimalfield_value(
           ^^^^^^^^^^^^^^^^^^^^^^^^^^^^^^^^^^^^^^^^
  File "C:\Users\nikol\AppData\Local\Programs\Python\Python311\Lib\site-packages\django\db\backends\base\operations.py", line 574, in adapt_decimalfield_value
    return utils.format_number(value, max_digits, decimal_places)
           ^^^^^^^^^^^^^^^^^^^^^^^^^^^^^^^^^^^^^^^^^^^^^^^^^^^^^^
  File "C:\Users\nikol\AppData\Local\Programs\Python\Python311\Lib\site-packages\django\db\backends\utils.py", line 304, in format_number
    value = value.quantize(
            ^^^^^^^^^^^^^^^
decimal.InvalidOperation: [<class 'decimal.InvalidOperation'>]
ERROR 2023-10-01 16:43:44,156 basehttp 15252 14988 "POST /dz_sem4app/add_product/ HTTP/1.1" 500 141479
ERROR 2023-10-01 16:44:02,449 log 15252 14988 Internal Server Error: /dz_sem4app/add_product/
Traceback (most recent call last):
  File "C:\Users\nikol\AppData\Local\Programs\Python\Python311\Lib\site-packages\django\core\handlers\exception.py", line 55, in inner
    response = get_response(request)
               ^^^^^^^^^^^^^^^^^^^^^
  File "C:\Users\nikol\AppData\Local\Programs\Python\Python311\Lib\site-packages\django\core\handlers\base.py", line 197, in _get_response
    response = wrapped_callback(request, *callback_args, **callback_kwargs)
               ^^^^^^^^^^^^^^^^^^^^^^^^^^^^^^^^^^^^^^^^^^^^^^^^^^^^^^^^^^^^
  File "C:\Users\nikol\PycharmProjects\pythonProject2\Django_dz\dz_sem4\dz_sem4app\views.py", line 32, in add_product
    product.save()
  File "C:\Users\nikol\AppData\Local\Programs\Python\Python311\Lib\site-packages\django\db\models\base.py", line 814, in save
    self.save_base(
  File "C:\Users\nikol\AppData\Local\Programs\Python\Python311\Lib\site-packages\django\db\models\base.py", line 877, in save_base
    updated = self._save_table(
              ^^^^^^^^^^^^^^^^^
  File "C:\Users\nikol\AppData\Local\Programs\Python\Python311\Lib\site-packages\django\db\models\base.py", line 1020, in _save_table
    results = self._do_insert(
              ^^^^^^^^^^^^^^^^
  File "C:\Users\nikol\AppData\Local\Programs\Python\Python311\Lib\site-packages\django\db\models\base.py", line 1061, in _do_insert
    return manager._insert(
           ^^^^^^^^^^^^^^^^
  File "C:\Users\nikol\AppData\Local\Programs\Python\Python311\Lib\site-packages\django\db\models\manager.py", line 87, in manager_method
    return getattr(self.get_queryset(), name)(*args, **kwargs)
           ^^^^^^^^^^^^^^^^^^^^^^^^^^^^^^^^^^^^^^^^^^^^^^^^^^^
  File "C:\Users\nikol\AppData\Local\Programs\Python\Python311\Lib\site-packages\django\db\models\query.py", line 1805, in _insert
    return query.get_compiler(using=using).execute_sql(returning_fields)
           ^^^^^^^^^^^^^^^^^^^^^^^^^^^^^^^^^^^^^^^^^^^^^^^^^^^^^^^^^^^^^
  File "C:\Users\nikol\AppData\Local\Programs\Python\Python311\Lib\site-packages\django\db\models\sql\compiler.py", line 1821, in execute_sql
    for sql, params in self.as_sql():
                       ^^^^^^^^^^^^^
  File "C:\Users\nikol\AppData\Local\Programs\Python\Python311\Lib\site-packages\django\db\models\sql\compiler.py", line 1745, in as_sql
    value_rows = [
                 ^
  File "C:\Users\nikol\AppData\Local\Programs\Python\Python311\Lib\site-packages\django\db\models\sql\compiler.py", line 1746, in <listcomp>
    [
  File "C:\Users\nikol\AppData\Local\Programs\Python\Python311\Lib\site-packages\django\db\models\sql\compiler.py", line 1747, in <listcomp>
    self.prepare_value(field, self.pre_save_val(field, obj))
  File "C:\Users\nikol\AppData\Local\Programs\Python\Python311\Lib\site-packages\django\db\models\sql\compiler.py", line 1686, in prepare_value
    return field.get_db_prep_save(value, connection=self.connection)
           ^^^^^^^^^^^^^^^^^^^^^^^^^^^^^^^^^^^^^^^^^^^^^^^^^^^^^^^^^
  File "C:\Users\nikol\AppData\Local\Programs\Python\Python311\Lib\site-packages\django\db\models\fields\__init__.py", line 1759, in get_db_prep_save
    return connection.ops.adapt_decimalfield_value(
           ^^^^^^^^^^^^^^^^^^^^^^^^^^^^^^^^^^^^^^^^
  File "C:\Users\nikol\AppData\Local\Programs\Python\Python311\Lib\site-packages\django\db\backends\base\operations.py", line 574, in adapt_decimalfield_value
    return utils.format_number(value, max_digits, decimal_places)
           ^^^^^^^^^^^^^^^^^^^^^^^^^^^^^^^^^^^^^^^^^^^^^^^^^^^^^^
  File "C:\Users\nikol\AppData\Local\Programs\Python\Python311\Lib\site-packages\django\db\backends\utils.py", line 304, in format_number
    value = value.quantize(
            ^^^^^^^^^^^^^^^
decimal.InvalidOperation: [<class 'decimal.InvalidOperation'>]
ERROR 2023-10-01 16:44:02,452 basehttp 15252 14988 "POST /dz_sem4app/add_product/ HTTP/1.1" 500 141464
INFO 2023-10-01 16:45:22,712 basehttp 15252 14988 "POST /dz_sem4app/add_product/ HTTP/1.1" 200 1942
INFO 2023-10-01 16:45:59,054 basehttp 15252 14988 "POST /dz_sem4app/add_product/ HTTP/1.1" 200 1942
INFO 2023-10-01 16:47:13,416 basehttp 15252 14988 "GET /dz_sem4app/add_product/ HTTP/1.1" 200 1842
INFO 2023-10-01 16:47:15,653 basehttp 15252 14988 "GET /dz_sem4app/show_products/ HTTP/1.1" 200 8268
WARNING 2023-10-01 16:47:15,683 log 15252 14988 Not Found: /media/images/vedro_otsinkovannoe_9l_1_full.jpg
WARNING 2023-10-01 16:47:15,683 log 15252 7372 Not Found: /media/images/кеды.jpg
WARNING 2023-10-01 16:47:15,684 basehttp 15252 14988 "GET /media/images/vedro_otsinkovannoe_9l_1_full.jpg HTTP/1.1" 404 2327
WARNING 2023-10-01 16:47:15,685 basehttp 15252 7372 "GET /media/images/%D0%BA%D0%B5%D0%B4%D1%8B.jpg HTTP/1.1" 404 2280
WARNING 2023-10-01 16:47:15,686 log 15252 10420 Not Found: /media/images/троллейбус_rSfXWx4.jpg
WARNING 2023-10-01 16:47:15,687 log 15252 13748 Not Found: /media/images/троллейбус.jpg
WARNING 2023-10-01 16:47:15,688 log 15252 11924 Not Found: /media/images/кроссовки.png
WARNING 2023-10-01 16:47:15,688 basehttp 15252 13748 "GET /media/images/%D1%82%D1%80%D0%BE%D0%BB%D0%BB%D0%B5%D0%B9%D0%B1%D1%83%D1%81.jpg HTTP/1.1" 404 2340
WARNING 2023-10-01 16:47:15,689 basehttp 15252 10420 "GET /media/images/%D1%82%D1%80%D0%BE%D0%BB%D0%BB%D0%B5%D0%B9%D0%B1%D1%83%D1%81_rSfXWx4.jpg HTTP/1.1" 404 2364
WARNING 2023-10-01 16:47:15,689 basehttp 15252 11924 "GET /media/images/%D0%BA%D1%80%D0%BE%D1%81%D1%81%D0%BE%D0%B2%D0%BA%D0%B8.png HTTP/1.1" 404 2330
INFO 2023-10-01 16:47:26,058 basehttp 15252 11924 "GET /dz_sem4app/show_products/ HTTP/1.1" 200 8268
WARNING 2023-10-01 16:47:26,084 log 15252 11924 Not Found: /media/images/vedro_otsinkovannoe_9l_1_full.jpg
WARNING 2023-10-01 16:47:26,085 log 15252 10420 Not Found: /media/images/кеды.jpg
WARNING 2023-10-01 16:47:26,086 log 15252 7372 Not Found: /media/images/троллейбус.jpg
WARNING 2023-10-01 16:47:26,087 basehttp 15252 10420 "GET /media/images/%D0%BA%D0%B5%D0%B4%D1%8B.jpg HTTP/1.1" 404 2280
WARNING 2023-10-01 16:47:26,087 basehttp 15252 11924 "GET /media/images/vedro_otsinkovannoe_9l_1_full.jpg HTTP/1.1" 404 2327
WARNING 2023-10-01 16:47:26,087 basehttp 15252 7372 "GET /media/images/%D1%82%D1%80%D0%BE%D0%BB%D0%BB%D0%B5%D0%B9%D0%B1%D1%83%D1%81.jpg HTTP/1.1" 404 2340
WARNING 2023-10-01 16:47:26,088 log 15252 13748 Not Found: /media/images/кроссовки.png
WARNING 2023-10-01 16:47:26,089 log 15252 14988 Not Found: /media/images/троллейбус_rSfXWx4.jpg
WARNING 2023-10-01 16:47:26,090 basehttp 15252 13748 "GET /media/images/%D0%BA%D1%80%D0%BE%D1%81%D1%81%D0%BE%D0%B2%D0%BA%D0%B8.png HTTP/1.1" 404 2330
WARNING 2023-10-01 16:47:26,090 basehttp 15252 14988 "GET /media/images/%D1%82%D1%80%D0%BE%D0%BB%D0%BB%D0%B5%D0%B9%D0%B1%D1%83%D1%81_rSfXWx4.jpg HTTP/1.1" 404 2364
